  animation.cpp
  Boss.cpp
  bossIdle.cpp
  bossMove.cpp
  CameraManager.cpp
c:\users\108hw\desktop\realteamproject\don-tsleep\rivercitygirls_dontsleep\cameramanager.cpp(51): warning C4244: '인수': 'float'에서 'int'(으)로 변환하면서 데이터가 손실될 수 있습니다.
c:\users\108hw\desktop\realteamproject\don-tsleep\rivercitygirls_dontsleep\cameramanager.cpp(50): warning C4244: '인수': 'float'에서 'int'(으)로 변환하면서 데이터가 손실될 수 있습니다.
c:\users\108hw\desktop\realteamproject\don-tsleep\rivercitygirls_dontsleep\cameramanager.cpp(49): warning C4244: '인수': 'float'에서 'int'(으)로 변환하면서 데이터가 손실될 수 있습니다.
c:\users\108hw\desktop\realteamproject\don-tsleep\rivercitygirls_dontsleep\cameramanager.cpp(113): warning C4244: '=': 'int'에서 'float'(으)로 변환하면서 데이터가 손실될 수 있습니다.
c:\users\108hw\desktop\realteamproject\don-tsleep\rivercitygirls_dontsleep\cameramanager.cpp(114): warning C4244: '=': 'int'에서 'float'(으)로 변환하면서 데이터가 손실될 수 있습니다.
c:\users\108hw\desktop\realteamproject\don-tsleep\rivercitygirls_dontsleep\cameramanager.cpp(115): warning C4244: '=': 'int'에서 'float'(으)로 변환하면서 데이터가 손실될 수 있습니다.
c:\users\108hw\desktop\realteamproject\don-tsleep\rivercitygirls_dontsleep\cameramanager.cpp(156): warning C4244: '=': 'int'에서 'float'(으)로 변환하면서 데이터가 손실될 수 있습니다.
c:\users\108hw\desktop\realteamproject\don-tsleep\rivercitygirls_dontsleep\cameramanager.cpp(157): warning C4244: '=': 'int'에서 'float'(으)로 변환하면서 데이터가 손실될 수 있습니다.
c:\users\108hw\desktop\realteamproject\don-tsleep\rivercitygirls_dontsleep\cameramanager.cpp(158): warning C4244: '인수': 'float'에서 'int'(으)로 변환하면서 데이터가 손실될 수 있습니다.
c:\users\108hw\desktop\realteamproject\don-tsleep\rivercitygirls_dontsleep\cameramanager.cpp(159): warning C4244: '인수': 'float'에서 'int'(으)로 변환하면서 데이터가 손실될 수 있습니다.
c:\users\108hw\desktop\realteamproject\don-tsleep\rivercitygirls_dontsleep\cameramanager.cpp(160): warning C4244: '인수': 'float'에서 'int'(으)로 변환하면서 데이터가 손실될 수 있습니다.
c:\users\108hw\desktop\realteamproject\don-tsleep\rivercitygirls_dontsleep\cameramanager.cpp(169): warning C4244: '=': 'int'에서 'float'(으)로 변환하면서 데이터가 손실될 수 있습니다.
c:\users\108hw\desktop\realteamproject\don-tsleep\rivercitygirls_dontsleep\cameramanager.cpp(170): warning C4244: '=': 'int'에서 'float'(으)로 변환하면서 데이터가 손실될 수 있습니다.
c:\users\108hw\desktop\realteamproject\don-tsleep\rivercitygirls_dontsleep\cameramanager.cpp(171): warning C4244: '인수': 'float'에서 'int'(으)로 변환하면서 데이터가 손실될 수 있습니다.
c:\users\108hw\desktop\realteamproject\don-tsleep\rivercitygirls_dontsleep\cameramanager.cpp(172): warning C4244: '인수': 'float'에서 'int'(으)로 변환하면서 데이터가 손실될 수 있습니다.
c:\users\108hw\desktop\realteamproject\don-tsleep\rivercitygirls_dontsleep\cameramanager.cpp(173): warning C4244: '인수': 'float'에서 'int'(으)로 변환하면서 데이터가 손실될 수 있습니다.
c:\users\108hw\desktop\realteamproject\don-tsleep\rivercitygirls_dontsleep\cameramanager.cpp(202): warning C4244: '인수': 'float'에서 'int'(으)로 변환하면서 데이터가 손실될 수 있습니다.
c:\users\108hw\desktop\realteamproject\don-tsleep\rivercitygirls_dontsleep\cameramanager.cpp(261): warning C4244: '=': 'float'에서 'int'(으)로 변환하면서 데이터가 손실될 수 있습니다.
c:\users\108hw\desktop\realteamproject\don-tsleep\rivercitygirls_dontsleep\cameramanager.cpp(262): warning C4244: '=': 'float'에서 'int'(으)로 변환하면서 데이터가 손실될 수 있습니다.
  CollisionManager.cpp
  DialogueManager.cpp
  Enemy.cpp
  enemyHit.cpp
  enemyIdle.cpp
  Event.cpp
  EventManager.cpp
  GameScene.cpp
  IPlayerState.cpp
  Player.cpp
c:\users\108hw\desktop\realteamproject\don-tsleep\rivercitygirls_dontsleep\player.cpp(347): warning C4305: '인수': 'double'에서 'float'(으)로 잘립니다.
c:\users\108hw\desktop\realteamproject\don-tsleep\rivercitygirls_dontsleep\player.cpp(374): warning C4305: '인수': 'double'에서 'float'(으)로 잘립니다.
c:\users\108hw\desktop\realteamproject\don-tsleep\rivercitygirls_dontsleep\player.cpp(433): warning C4390: ';': 제어된 빈 문이 있습니다. 이 문이 필요합니까?
  playerClimb.cpp
  playerCombo1.cpp
  playerCombo2.cpp
  playerCombo3.cpp
  playerDashAttack.cpp
c:\users\108hw\desktop\realteamproject\don-tsleep\rivercitygirls_dontsleep\playerdashattack.cpp(29): warning C4244: '인수': 'double'에서 'float'(으)로 변환하면서 데이터가 손실될 수 있습니다.
c:\users\108hw\desktop\realteamproject\don-tsleep\rivercitygirls_dontsleep\playerdashattack.cpp(30): warning C4244: '인수': 'double'에서 'float'(으)로 변환하면서 데이터가 손실될 수 있습니다.
  코드를 생성하고 있습니다...
  컴파일하고 있습니다...
  playerDashSAttack.cpp
c:\users\108hw\desktop\realteamproject\don-tsleep\rivercitygirls_dontsleep\playerdashsattack.cpp(28): warning C4244: '인수': 'double'에서 'float'(으)로 변환하면서 데이터가 손실될 수 있습니다.
c:\users\108hw\desktop\realteamproject\don-tsleep\rivercitygirls_dontsleep\playerdashsattack.cpp(29): warning C4244: '인수': 'double'에서 'float'(으)로 변환하면서 데이터가 손실될 수 있습니다.
  playerDead.cpp
  playerDown.cpp
  playerGrab.cpp
  playerGuard.cpp
  playerHit.cpp
  playerIdle.cpp
  playerJump.cpp
c:\users\108hw\desktop\realteamproject\don-tsleep\rivercitygirls_dontsleep\playerjump.cpp(12): warning C4244: '인수': 'double'에서 'float'(으)로 변환하면서 데이터가 손실될 수 있습니다.
  playerJumpAttack.cpp
c:\users\108hw\desktop\realteamproject\don-tsleep\rivercitygirls_dontsleep\playerjumpattack.cpp(15): warning C4244: '인수': 'double'에서 'float'(으)로 변환하면서 데이터가 손실될 수 있습니다.
  playerPick.cpp
  playerRoll.cpp
  playerRun.cpp
c:\users\108hw\desktop\realteamproject\don-tsleep\rivercitygirls_dontsleep\playerrun.cpp(22): warning C4244: '인수': 'double'에서 'float'(으)로 변환하면서 데이터가 손실될 수 있습니다.
c:\users\108hw\desktop\realteamproject\don-tsleep\rivercitygirls_dontsleep\playerrun.cpp(23): warning C4244: '인수': 'double'에서 'float'(으)로 변환하면서 데이터가 손실될 수 있습니다.
  playerSAttack.cpp
  playerSAttackDown.cpp
  playerStand.cpp
  playerStick.cpp
  playerStomp.cpp
  playerStun.cpp
  playerThrow.cpp
  playerWait.cpp
  코드를 생성하고 있습니다...
  컴파일하고 있습니다...
  playerWalk.cpp
  schoolGirl.cpp
  StageManager.cpp
  코드를 생성하고 있습니다...
  windowAPI.vcxproj -> C:\Users\108hw\Desktop\RealTeamProject\Don-tSleep\RiverCityGirls_DontSleep\x64\Debug\windowAPI.exe
